<?xml version="1.0" encoding="UTF-8"?>
<!-- Generated by org.testng.reporters.JUnitReportReporter -->
<testsuite skipped="0" hostname="CMATZ-53255" name="cl.tecnova.cal.tests.Test_Login_Trello_GC" tests="9" failures="0" timestamp="14 ago 2019 18:50:21 GMT" time="240.561" errors="0">
  <testcase name="IniciarSesion" time="14.659" classname="cl.tecnova.cal.tests.Test_Login_Trello_GC"/>
  <testcase name="IniciarSesionIncorrecto" time="8.304" classname="cl.tecnova.cal.tests.Test_Login_Trello_GC"/>
  <testcase name="CrearTabero" time="25.912" classname="cl.tecnova.cal.tests.Test_Login_Trello_GC"/>
  <testcase name="AbrirTableroValidacion" time="22.866" classname="cl.tecnova.cal.tests.Test_Login_Trello_GC"/>
  <testcase name="AgregarNuevaTarjeta" time="35.995" classname="cl.tecnova.cal.tests.Test_Login_Trello_GC"/>
  <testcase name="AgregarNuevaTarjetaValidacion" time="21.832" classname="cl.tecnova.cal.tests.Test_Login_Trello_GC"/>
  <testcase name="EditarListaDePrueba" time="43.722" classname="cl.tecnova.cal.tests.Test_Login_Trello_GC"/>
  <testcase name="MoverTarjeta" time="35.693" classname="cl.tecnova.cal.tests.Test_Login_Trello_GC"/>
  <testcase name="CerrarTablero" time="31.578" classname="cl.tecnova.cal.tests.Test_Login_Trello_GC"/>
</testsuite> <!-- cl.tecnova.cal.tests.Test_Login_Trello_GC -->
